[10-May-2022 09:44:07 Europe/Berlin] Hello, errors!
[10-May-2022 09:44:07 Europe/Berlin] PHP Fatal error:  Uncaught Error: Call to undefined method Home::loadModel() in C:\xampp\htdocs\sessionSix\libs\app.php:21
Stack trace:
#0 C:\xampp\htdocs\sessionSix\index.php(36): App->__construct()
#1 {main}
  thrown in C:\xampp\htdocs\sessionSix\libs\app.php on line 21
[10-May-2022 09:47:19 Europe/Berlin] Hello, errors!
[10-May-2022 09:47:32 Europe/Berlin] Hello, errors!
[10-May-2022 09:55:00 Europe/Berlin] Hello, errors!
[10-May-2022 10:13:01 Europe/Berlin] Hello, errors!
[10-May-2022 10:17:07 Europe/Berlin] Hello, errors!
[10-May-2022 10:17:10 Europe/Berlin] Hello, errors!
[10-May-2022 10:17:59 Europe/Berlin] Hello, errors!
[10-May-2022 10:18:45 Europe/Berlin] Hello, errors!
[10-May-2022 10:19:02 Europe/Berlin] Hello, errors!
[10-May-2022 10:19:10 Europe/Berlin] Hello, errors!
[10-May-2022 10:20:26 Europe/Berlin] Hello, errors!
[10-May-2022 10:20:36 Europe/Berlin] Hello, errors!
[10-May-2022 10:20:36 Europe/Berlin] SessionController::validateSession()
[10-May-2022 10:20:36 Europe/Berlin] sessionController::getCurrentPage(): actualLink =>/sessionSix/signup/newUser, url => signup
[10-May-2022 10:20:36 Europe/Berlin] sessionController::isPublic(): currentURL => signup
[10-May-2022 10:20:36 Europe/Berlin] SessionController::validateSession() public page
[10-May-2022 10:20:36 Europe/Berlin] ExistPOST: No existe el parametro username
[10-May-2022 10:20:36 Europe/Berlin] Hello, errors!
[10-May-2022 10:20:36 Europe/Berlin] SessionController::validateSession()
[10-May-2022 10:20:36 Europe/Berlin] sessionController::getCurrentPage(): actualLink =>/sessionSix/signup?error=a74accfd26e06d012266810952678cf3, url => signup?error=a74accfd26e06d012266810952678cf3
[10-May-2022 10:20:36 Europe/Berlin] sessionController::isPublic(): currentURL => signup?error=a74accfd26e06d012266810952678cf3
[10-May-2022 10:20:36 Europe/Berlin] SessionController::validateSession() public page
[10-May-2022 10:20:36 Europe/Berlin] View::handleError() existsKey =>El nombre de usuario ya existe, selecciona otro
[10-May-2022 10:21:00 Europe/Berlin] Hello, errors!
[10-May-2022 10:22:28 Europe/Berlin] Hello, errors!
[10-May-2022 10:22:28 Europe/Berlin] SessionController::validateSession()
[10-May-2022 10:22:28 Europe/Berlin] sessionController::getCurrentPage(): actualLink =>/sessionSix/signup/newUser, url => signup
[10-May-2022 10:22:28 Europe/Berlin] sessionController::isPublic(): currentURL => signup
[10-May-2022 10:22:28 Europe/Berlin] SessionController::validateSession() public page
[10-May-2022 10:22:28 Europe/Berlin] ExistPOST: No existe el parametro username
[10-May-2022 10:22:28 Europe/Berlin] Hello, errors!
[10-May-2022 10:22:28 Europe/Berlin] SessionController::validateSession()
[10-May-2022 10:22:28 Europe/Berlin] sessionController::getCurrentPage(): actualLink =>/sessionSix/signup?error=a74accfd26e06d012266810952678cf3, url => signup?error=a74accfd26e06d012266810952678cf3
[10-May-2022 10:22:28 Europe/Berlin] sessionController::isPublic(): currentURL => signup?error=a74accfd26e06d012266810952678cf3
[10-May-2022 10:22:28 Europe/Berlin] SessionController::validateSession() public page
[10-May-2022 10:22:28 Europe/Berlin] View::handleError() existsKey =>El nombre de usuario ya existe, selecciona otro
[10-May-2022 10:23:30 Europe/Berlin] Hello, errors!
[10-May-2022 10:23:51 Europe/Berlin] Hello, errors!
[10-May-2022 10:23:51 Europe/Berlin] SessionController::validateSession()
[10-May-2022 10:23:51 Europe/Berlin] sessionController::getCurrentPage(): actualLink =>/sessionSix/signup/newUser, url => signup
[10-May-2022 10:23:51 Europe/Berlin] sessionController::isPublic(): currentURL => signup
[10-May-2022 10:23:51 Europe/Berlin] SessionController::validateSession() public page
[10-May-2022 10:23:51 Europe/Berlin] ExistPOST: No existe el parametro username
[10-May-2022 10:23:51 Europe/Berlin] Hello, errors!
[10-May-2022 10:23:51 Europe/Berlin] SessionController::validateSession()
[10-May-2022 10:23:51 Europe/Berlin] sessionController::getCurrentPage(): actualLink =>/sessionSix/signup?error=a74accfd26e06d012266810952678cf3, url => signup?error=a74accfd26e06d012266810952678cf3
[10-May-2022 10:23:51 Europe/Berlin] sessionController::isPublic(): currentURL => signup?error=a74accfd26e06d012266810952678cf3
[10-May-2022 10:23:51 Europe/Berlin] SessionController::validateSession() public page
[10-May-2022 10:23:51 Europe/Berlin] View::handleError() existsKey =>El nombre de usuario ya existe, selecciona otro
[10-May-2022 10:24:18 Europe/Berlin] Hello, errors!
[10-May-2022 10:24:25 Europe/Berlin] Hello, errors!
[10-May-2022 10:24:25 Europe/Berlin] SessionController::validateSession()
[10-May-2022 10:24:25 Europe/Berlin] sessionController::getCurrentPage(): actualLink =>/sessionSix/signup?error=a74accfd26e06d012266810952678cf3, url => signup?error=a74accfd26e06d012266810952678cf3
[10-May-2022 10:24:25 Europe/Berlin] sessionController::isPublic(): currentURL => signup?error=a74accfd26e06d012266810952678cf3
[10-May-2022 10:24:25 Europe/Berlin] SessionController::validateSession() public page
[10-May-2022 10:24:25 Europe/Berlin] View::handleError() existsKey =>El nombre de usuario ya existe, selecciona otro
[10-May-2022 10:24:53 Europe/Berlin] Hello, errors!
[10-May-2022 10:42:56 Europe/Berlin] Hello, errors!
[10-May-2022 10:42:59 Europe/Berlin] Hello, errors!
[10-May-2022 10:42:59 Europe/Berlin] SessionController::validateSession()
[10-May-2022 10:42:59 Europe/Berlin] sessionController::getCurrentPage(): actualLink =>/sessionSix/signup/newUser, url => signup
[10-May-2022 10:42:59 Europe/Berlin] sessionController::isPublic(): currentURL => signup
[10-May-2022 10:42:59 Europe/Berlin] SessionController::validateSession() public page
[10-May-2022 10:42:59 Europe/Berlin] ExistPOST: No existe el parametro username
[10-May-2022 10:42:59 Europe/Berlin] Hello, errors!
[10-May-2022 10:42:59 Europe/Berlin] SessionController::validateSession()
[10-May-2022 10:42:59 Europe/Berlin] sessionController::getCurrentPage(): actualLink =>/sessionSix/signup?error=a74accfd26e06d012266810952678cf3, url => signup?error=a74accfd26e06d012266810952678cf3
[10-May-2022 10:42:59 Europe/Berlin] sessionController::isPublic(): currentURL => signup?error=a74accfd26e06d012266810952678cf3
[10-May-2022 10:42:59 Europe/Berlin] SessionController::validateSession() public page
[10-May-2022 10:42:59 Europe/Berlin] View::handleError() existsKey =>El nombre de usuario ya existe, selecciona otro
[10-May-2022 10:43:01 Europe/Berlin] Hello, errors!
[10-May-2022 10:43:03 Europe/Berlin] Hello, errors!
[10-May-2022 10:46:44 Europe/Berlin] Hello, errors!
[10-May-2022 10:46:46 Europe/Berlin] Hello, errors!
[10-May-2022 10:46:47 Europe/Berlin] Hello, errors!
[10-May-2022 10:46:50 Europe/Berlin] Hello, errors!
[10-May-2022 10:46:52 Europe/Berlin] Hello, errors!
[10-May-2022 10:46:53 Europe/Berlin] Hello, errors!
[10-May-2022 10:47:13 Europe/Berlin] Hello, errors!
[10-May-2022 10:48:09 Europe/Berlin] Hello, errors!
[10-May-2022 10:48:12 Europe/Berlin] Hello, errors!
[10-May-2022 10:48:14 Europe/Berlin] Hello, errors!
[10-May-2022 10:48:15 Europe/Berlin] Hello, errors!
[10-May-2022 10:48:16 Europe/Berlin] Hello, errors!
[10-May-2022 10:48:17 Europe/Berlin] Hello, errors!
[10-May-2022 10:48:36 Europe/Berlin] Hello, errors!
[10-May-2022 10:49:36 Europe/Berlin] Hello, errors!
[10-May-2022 10:49:38 Europe/Berlin] Hello, errors!
[10-May-2022 10:49:43 Europe/Berlin] Hello, errors!
[10-May-2022 10:52:04 Europe/Berlin] Hello, errors!
[10-May-2022 10:52:06 Europe/Berlin] Hello, errors!
[10-May-2022 10:52:29 Europe/Berlin] Hello, errors!
[10-May-2022 10:52:30 Europe/Berlin] Hello, errors!
[10-May-2022 10:52:31 Europe/Berlin] Hello, errors!
[10-May-2022 10:52:52 Europe/Berlin] Hello, errors!
[10-May-2022 10:52:56 Europe/Berlin] Hello, errors!
[10-May-2022 10:52:57 Europe/Berlin] Hello, errors!
[10-May-2022 10:53:24 Europe/Berlin] Hello, errors!
[10-May-2022 10:53:24 Europe/Berlin] ExistPOST: Existen parámetros
[10-May-2022 10:53:24 Europe/Berlin] PHP Fatal error:  Uncaught Error: Class 'Vehiculomodel' not found in C:\xampp\htdocs\sessionSix\controllers\nuevo.php:37
Stack trace:
#0 C:\xampp\htdocs\sessionSix\libs\app.php(50): Nuevo->newVehicle()
#1 C:\xampp\htdocs\sessionSix\index.php(36): App->__construct()
#2 {main}
  thrown in C:\xampp\htdocs\sessionSix\controllers\nuevo.php on line 37
[10-May-2022 10:54:41 Europe/Berlin] Hello, errors!
[10-May-2022 10:54:42 Europe/Berlin] Hello, errors!
[10-May-2022 10:54:46 Europe/Berlin] Hello, errors!
[10-May-2022 10:54:53 Europe/Berlin] Hello, errors!
[10-May-2022 10:54:53 Europe/Berlin] ExistPOST: Existen parámetros
[10-May-2022 10:54:53 Europe/Berlin] PHP Fatal error:  Uncaught Error: Class 'Vehiculomodel' not found in C:\xampp\htdocs\sessionSix\controllers\nuevo.php:37
Stack trace:
#0 C:\xampp\htdocs\sessionSix\libs\app.php(50): Nuevo->newVehicle()
#1 C:\xampp\htdocs\sessionSix\index.php(36): App->__construct()
#2 {main}
  thrown in C:\xampp\htdocs\sessionSix\controllers\nuevo.php on line 37
[10-May-2022 11:01:21 Europe/Berlin] Hello, errors!
[10-May-2022 11:01:21 Europe/Berlin] PHP Warning:  include_once(models/usermodel.php): failed to open stream: No such file or directory in C:\xampp\htdocs\sessionSix\index.php on line 31
[10-May-2022 11:01:21 Europe/Berlin] PHP Warning:  include_once(): Failed opening 'models/usermodel.php' for inclusion (include_path='C:\xampp\php\PEAR') in C:\xampp\htdocs\sessionSix\index.php on line 31
[10-May-2022 11:01:21 Europe/Berlin] PHP Warning:  include_once(models/expensesmodel.php): failed to open stream: No such file or directory in C:\xampp\htdocs\sessionSix\index.php on line 32
[10-May-2022 11:01:21 Europe/Berlin] PHP Warning:  include_once(): Failed opening 'models/expensesmodel.php' for inclusion (include_path='C:\xampp\php\PEAR') in C:\xampp\htdocs\sessionSix\index.php on line 32
[10-May-2022 11:01:21 Europe/Berlin] PHP Warning:  include_once(models/categoriesmodel.php): failed to open stream: No such file or directory in C:\xampp\htdocs\sessionSix\index.php on line 33
[10-May-2022 11:01:21 Europe/Berlin] PHP Warning:  include_once(): Failed opening 'models/categoriesmodel.php' for inclusion (include_path='C:\xampp\php\PEAR') in C:\xampp\htdocs\sessionSix\index.php on line 33
[10-May-2022 11:01:21 Europe/Berlin] PHP Warning:  include_once(models/joinexpensescategoriesmodel.php): failed to open stream: No such file or directory in C:\xampp\htdocs\sessionSix\index.php on line 34
[10-May-2022 11:01:21 Europe/Berlin] PHP Warning:  include_once(): Failed opening 'models/joinexpensescategoriesmodel.php' for inclusion (include_path='C:\xampp\php\PEAR') in C:\xampp\htdocs\sessionSix\index.php on line 34
[10-May-2022 11:01:51 Europe/Berlin] Hello, errors!
[10-May-2022 11:01:55 Europe/Berlin] Hello, errors!
[10-May-2022 11:02:01 Europe/Berlin] Hello, errors!
[10-May-2022 11:02:01 Europe/Berlin] ExistPOST: Existen parámetros
[10-May-2022 11:02:02 Europe/Berlin] Hello, errors!
[10-May-2022 11:02:02 Europe/Berlin] View::handleError() existsKey =>El nombre de usuario ya existe, selecciona otro
[10-May-2022 11:02:25 Europe/Berlin] Hello, errors!
[10-May-2022 11:02:27 Europe/Berlin] Hello, errors!
[10-May-2022 11:03:28 Europe/Berlin] Hello, errors!
[10-May-2022 11:03:30 Europe/Berlin] Hello, errors!
[10-May-2022 11:03:30 Europe/Berlin] ExistPOST: Existen parámetros
[10-May-2022 11:03:30 Europe/Berlin] Hello, errors!
[10-May-2022 11:03:30 Europe/Berlin] View::handleError() existsKey =>El nombre de usuario ya existe, selecciona otro
[10-May-2022 11:03:32 Europe/Berlin] Hello, errors!
[10-May-2022 11:04:52 Europe/Berlin] Hello, errors!
[10-May-2022 11:05:06 Europe/Berlin] Hello, errors!
[10-May-2022 11:05:06 Europe/Berlin] ExistPOST: Existen parámetros
[10-May-2022 11:05:06 Europe/Berlin] PHP Recoverable fatal error:  Object of class Vehiculomodel could not be converted to string in C:\xampp\htdocs\sessionSix\models\vehiculomodel.php on line 128
[10-May-2022 11:06:34 Europe/Berlin] Hello, errors!
[10-May-2022 11:06:36 Europe/Berlin] Hello, errors!
[10-May-2022 11:06:42 Europe/Berlin] Hello, errors!
[10-May-2022 11:06:42 Europe/Berlin] ExistPOST: Existen parámetros
[10-May-2022 11:06:42 Europe/Berlin] PHP Fatal error:  Uncaught Error: Call to undefined method Vehiculomodel::exists() in C:\xampp\htdocs\sessionSix\controllers\nuevo.php:44
Stack trace:
#0 C:\xampp\htdocs\sessionSix\libs\app.php(50): Nuevo->newVehicle()
#1 C:\xampp\htdocs\sessionSix\index.php(34): App->__construct()
#2 {main}
  thrown in C:\xampp\htdocs\sessionSix\controllers\nuevo.php on line 44
[10-May-2022 11:07:36 Europe/Berlin] Hello, errors!
[10-May-2022 11:07:37 Europe/Berlin] Hello, errors!
[10-May-2022 11:07:43 Europe/Berlin] Hello, errors!
[10-May-2022 11:07:43 Europe/Berlin] ExistPOST: Existen parámetros
[10-May-2022 11:07:43 Europe/Berlin] Error al registrar el vehiculo. Elige una placa para el vehiculo diferente
[10-May-2022 11:09:49 Europe/Berlin] Hello, errors!
[10-May-2022 11:10:01 Europe/Berlin] Hello, errors!
[10-May-2022 11:10:07 Europe/Berlin] Hello, errors!
[10-May-2022 11:10:07 Europe/Berlin] ExistPOST: Existen parámetros
[10-May-2022 11:10:07 Europe/Berlin] Error al registrar el vehiculo. Elige una placa diferente para el vehiculo
[10-May-2022 11:12:11 Europe/Berlin] Hello, errors!
[10-May-2022 11:12:12 Europe/Berlin] Hello, errors!
[10-May-2022 11:12:19 Europe/Berlin] Hello, errors!
[10-May-2022 11:12:19 Europe/Berlin] ExistPOST: Existen parámetros
[10-May-2022 11:12:19 Europe/Berlin] Hello, errors!
[10-May-2022 11:12:19 Europe/Berlin] ExistPOST: Existen parámetros
[10-May-2022 11:12:19 Europe/Berlin] Hello, errors!
[10-May-2022 11:12:19 Europe/Berlin] View::handleError() existsKey =>1
[10-May-2022 11:12:36 Europe/Berlin] Hello, errors!
[10-May-2022 11:13:44 Europe/Berlin] Hello, errors!
[10-May-2022 11:13:51 Europe/Berlin] Hello, errors!
[10-May-2022 11:13:51 Europe/Berlin] ExistPOST: Existen parámetros
[10-May-2022 11:13:51 Europe/Berlin] Hello, errors!
[10-May-2022 11:13:51 Europe/Berlin] View::handleError() existsKey =>1
[10-May-2022 11:13:53 Europe/Berlin] Hello, errors!
[10-May-2022 11:15:49 Europe/Berlin] Hello, errors!
[10-May-2022 11:15:50 Europe/Berlin] Hello, errors!
[10-May-2022 11:15:50 Europe/Berlin] ExistPOST: Existen parámetros
[10-May-2022 11:15:50 Europe/Berlin] Campos vacios
[10-May-2022 11:17:30 Europe/Berlin] Hello, errors!
[10-May-2022 11:17:30 Europe/Berlin] PHP Warning:  require_once(C:\xampp\htdocs\sessionSix\classes\session.php): failed to open stream: No such file or directory in C:\xampp\htdocs\sessionSix\index.php on line 23
[10-May-2022 11:17:30 Europe/Berlin] PHP Fatal error:  require_once(): Failed opening required 'classes/session.php' (include_path='C:\xampp\php\PEAR') in C:\xampp\htdocs\sessionSix\index.php on line 23
[10-May-2022 11:17:52 Europe/Berlin] Hello, errors!
[10-May-2022 11:18:02 Europe/Berlin] Hello, errors!
[10-May-2022 11:18:03 Europe/Berlin] Hello, errors!
[10-May-2022 11:18:03 Europe/Berlin] ExistPOST: Existen parámetros
[10-May-2022 11:18:03 Europe/Berlin] Campos vacios
[10-May-2022 11:18:50 Europe/Berlin] Hello, errors!
[10-May-2022 11:19:29 Europe/Berlin] Hello, errors!
[10-May-2022 11:20:36 Europe/Berlin] Hello, errors!
[10-May-2022 11:20:41 Europe/Berlin] Hello, errors!
[10-May-2022 11:20:44 Europe/Berlin] Hello, errors!
[10-May-2022 11:20:52 Europe/Berlin] Hello, errors!
[10-May-2022 11:20:54 Europe/Berlin] Hello, errors!
[10-May-2022 11:20:58 Europe/Berlin] Hello, errors!
[10-May-2022 11:21:00 Europe/Berlin] Hello, errors!
[10-May-2022 11:21:02 Europe/Berlin] Hello, errors!
[10-May-2022 11:21:17 Europe/Berlin] Hello, errors!
[10-May-2022 11:21:19 Europe/Berlin] Hello, errors!
[10-May-2022 22:08:35 Europe/Berlin] Hello, errors!
[10-May-2022 22:08:37 Europe/Berlin] Hello, errors!
[10-May-2022 22:09:44 Europe/Berlin] Hello, errors!
[10-May-2022 22:09:51 Europe/Berlin] Hello, errors!
[10-May-2022 22:10:18 Europe/Berlin] Hello, errors!
[11-May-2022 04:00:15 Europe/Berlin] Hello, errors!
[11-May-2022 04:00:27 Europe/Berlin] Hello, errors!
[11-May-2022 04:00:28 Europe/Berlin] Hello, errors!
[11-May-2022 08:17:31 Europe/Berlin] Hello, errors!
[11-May-2022 08:18:08 Europe/Berlin] Hello, errors!
[11-May-2022 08:18:08 Europe/Berlin] ExistPOST: Existen parámetros
[11-May-2022 08:18:08 Europe/Berlin] Hello, errors!
[11-May-2022 08:18:08 Europe/Berlin] View::handleError() existsKey =>1
[11-May-2022 08:18:08 Europe/Berlin] PHP Warning:  require(views/errores/index.php): failed to open stream: No such file or directory in C:\xampp\htdocs\sessionSix\libs\view.php on line 14
[11-May-2022 08:18:08 Europe/Berlin] PHP Fatal error:  require(): Failed opening required 'views/errores/index.php' (include_path='C:\xampp\php\PEAR') in C:\xampp\htdocs\sessionSix\libs\view.php on line 14
[11-May-2022 08:20:49 Europe/Berlin] Hello, errors!
[11-May-2022 08:21:36 Europe/Berlin] Hello, errors!
[11-May-2022 08:24:33 Europe/Berlin] Hello, errors!
[11-May-2022 08:24:46 Europe/Berlin] Hello, errors!
[11-May-2022 08:25:01 Europe/Berlin] Hello, errors!
[11-May-2022 08:25:03 Europe/Berlin] Hello, errors!
[11-May-2022 08:25:04 Europe/Berlin] Hello, errors!
[11-May-2022 08:28:44 Europe/Berlin] Hello, errors!
[11-May-2022 08:28:45 Europe/Berlin] Hello, errors!
[11-May-2022 08:35:43 Europe/Berlin] Hello, errors!
[11-May-2022 08:35:44 Europe/Berlin] Hello, errors!
[11-May-2022 08:36:29 Europe/Berlin] Hello, errors!
[11-May-2022 08:36:29 Europe/Berlin] ExistPOST: Existen parámetros
[11-May-2022 08:36:29 Europe/Berlin] Hello, errors!
[11-May-2022 08:36:29 Europe/Berlin] View::handleError() existsKey =>1
[11-May-2022 08:36:29 Europe/Berlin] PHP Warning:  require(views/errores/index.php): failed to open stream: No such file or directory in C:\xampp\htdocs\sessionSix\libs\view.php on line 14
[11-May-2022 08:36:29 Europe/Berlin] PHP Fatal error:  require(): Failed opening required 'views/errores/index.php' (include_path='C:\xampp\php\PEAR') in C:\xampp\htdocs\sessionSix\libs\view.php on line 14
[11-May-2022 08:44:38 Europe/Berlin] Hello, errors!
[11-May-2022 08:44:39 Europe/Berlin] Hello, errors!
[11-May-2022 08:46:01 Europe/Berlin] Hello, errors!
[11-May-2022 08:46:13 Europe/Berlin] Hello, errors!
[11-May-2022 08:46:14 Europe/Berlin] Hello, errors!
[11-May-2022 08:46:46 Europe/Berlin] Hello, errors!
[11-May-2022 08:46:46 Europe/Berlin] ExistPOST: Existen parámetros
[11-May-2022 08:46:46 Europe/Berlin] Hello, errors!
[11-May-2022 08:46:46 Europe/Berlin] View::handleError() existsKey =>1
[11-May-2022 08:46:46 Europe/Berlin] PHP Warning:  require(views/errores/index.php): failed to open stream: No such file or directory in C:\xampp\htdocs\sessionSix\libs\view.php on line 14
[11-May-2022 08:46:46 Europe/Berlin] PHP Fatal error:  require(): Failed opening required 'views/errores/index.php' (include_path='C:\xampp\php\PEAR') in C:\xampp\htdocs\sessionSix\libs\view.php on line 14
[11-May-2022 08:55:17 Europe/Berlin] Hello, errors!
[11-May-2022 08:55:18 Europe/Berlin] Hello, errors!
[11-May-2022 08:57:58 Europe/Berlin] Hello, errors!
[11-May-2022 08:57:59 Europe/Berlin] Hello, errors!
[11-May-2022 08:58:37 Europe/Berlin] Hello, errors!
[11-May-2022 09:00:01 Europe/Berlin] Hello, errors!
[11-May-2022 09:01:00 Europe/Berlin] Hello, errors!
[11-May-2022 09:01:01 Europe/Berlin] Hello, errors!
[11-May-2022 09:04:25 Europe/Berlin] Hello, errors!
[11-May-2022 09:04:27 Europe/Berlin] Hello, errors!
[11-May-2022 09:04:28 Europe/Berlin] Hello, errors!
[11-May-2022 09:04:50 Europe/Berlin] Hello, errors!
